<?xml version="1.0" encoding="UTF-8"?>
<!-- Generated by org.testng.reporters.JUnitReportReporter -->
<testsuite hostname="DESKTOP-BNPQQE4" failures="0" tests="1" name="testngpractise.login" time="0.341" errors="0" timestamp="2023-08-03T22:13:47 IST" skipped="0">
  <testcase classname="testngpractise.login" name="logintest" time="0.341"/>
</testsuite> <!-- testngpractise.login -->
