<?xml version="1.0" encoding="UTF-8"?>
<!-- Generated by org.testng.reporters.JUnitReportReporter -->
<testsuite hostname="DESKTOP-BNPQQE4" failures="0" tests="1" name="testCases.DLogout" time="0.030" errors="0" timestamp="29 Jun 2023 04:28:04 GMT">
  <testcase classname="testCases.DLogout" name="logginout" time="0.030"/>
</testsuite> <!-- testCases.DLogout -->
