<?xml version="1.0" encoding="UTF-8"?>
<!-- Generated by org.testng.reporters.JUnitReportReporter -->
<testsuite hostname="DESKTOP-BNPQQE4" failures="0" tests="1" name="testCases.LoginTestCase" time="63.251" errors="0" timestamp="2023-08-04T19:22:24 IST" skipped="0">
  <testcase classname="testCases.LoginTestCase" name="logintesting" time="63.251"/>
</testsuite> <!-- testCases.LoginTestCase -->
