<?xml version="1.0" encoding="UTF-8"?>
<!-- Generated by org.testng.reporters.JUnitReportReporter -->
<testsuite hostname="DESKTOP-BNPQQE4" failures="0" tests="1" name="testClasses.login" time="18.477" errors="0" timestamp="2023-08-04T10:53:10 IST" skipped="0">
  <testcase classname="testClasses.login" name="logintest" time="18.477"/>
</testsuite> <!-- testClasses.login -->
