<?xml version="1.0" encoding="UTF-8"?>
<!-- Generated by org.testng.reporters.JUnitReportReporter -->
<testsuite hostname="DESKTOP-BNPQQE4" failures="0" tests="1" name="testCases.LoginTestCaseScroll" time="85.249" errors="0" timestamp="2023-08-04T19:22:24 IST" skipped="0">
  <testcase classname="testCases.LoginTestCaseScroll" name="LoginscrollTest" time="85.249"/>
</testsuite> <!-- testCases.LoginTestCaseScroll -->
