<?xml version="1.0" encoding="UTF-8"?>
<!-- Generated by org.testng.reporters.JUnitReportReporter -->
<testsuite hostname="DESKTOP-BNPQQE4" failures="0" tests="1" name="testCases.BAddtoCart" time="0.032" errors="0" timestamp="29 Jun 2023 04:28:04 GMT">
  <testcase classname="testCases.BAddtoCart" name="AddingtotheCart" time="0.032"/>
</testsuite> <!-- testCases.BAddtoCart -->
